2023-10-04 10:16:31,149 [Worker-6: Loading available Gradle versions] INFO  o.e.b.c.i.u.g.PublishedGradleVersions - Gradle version information cache is up-to-date. Trying to read.
2023-10-05 09:41:38,277 [Worker-4: Loading available Gradle versions] INFO  o.e.b.c.i.u.g.PublishedGradleVersions - Gradle version information cache is up-to-date. Trying to read.
2023-10-07 11:51:52,740 [Worker-7: Loading available Gradle versions] INFO  o.e.b.c.i.u.g.PublishedGradleVersions - Gradle version information cache is out-of-date. Trying to update.
2023-10-09 09:55:29,375 [Worker-4: Loading available Gradle versions] INFO  o.e.b.c.i.u.g.PublishedGradleVersions - Gradle version information cache is out-of-date. Trying to update.
2023-10-10 09:33:42,923 [Worker-2: Loading available Gradle versions] INFO  o.e.b.c.i.u.g.PublishedGradleVersions - Gradle version information cache is up-to-date. Trying to read.
2023-10-11 10:45:50,015 [Worker-1: Loading available Gradle versions] INFO  o.e.b.c.i.u.g.PublishedGradleVersions - Gradle version information cache is out-of-date. Trying to update.
2023-10-12 09:48:10,296 [Worker-4: Loading available Gradle versions] INFO  o.e.b.c.i.u.g.PublishedGradleVersions - Gradle version information cache is up-to-date. Trying to read.
2023-10-13 10:12:19,552 [Worker-2: Loading available Gradle versions] INFO  o.e.b.c.i.u.g.PublishedGradleVersions - Gradle version information cache is out-of-date. Trying to update.
2023-10-14 09:40:04,052 [Worker-1: Loading available Gradle versions] INFO  o.e.b.c.i.u.g.PublishedGradleVersions - Gradle version information cache is up-to-date. Trying to read.
2023-10-16 09:39:22,150 [Worker-7: Loading available Gradle versions] INFO  o.e.b.c.i.u.g.PublishedGradleVersions - Gradle version information cache is out-of-date. Trying to update.
2023-10-17 09:57:05,557 [Worker-4: Loading available Gradle versions] INFO  o.e.b.c.i.u.g.PublishedGradleVersions - Gradle version information cache is out-of-date. Trying to update.
2023-10-18 10:11:17,019 [Worker-1: Loading available Gradle versions] INFO  o.e.b.c.i.u.g.PublishedGradleVersions - Gradle version information cache is out-of-date. Trying to update.
2023-10-19 10:11:55,537 [Worker-5: Loading available Gradle versions] INFO  o.e.b.c.i.u.g.PublishedGradleVersions - Gradle version information cache is out-of-date. Trying to update.
2023-10-20 09:42:04,327 [Worker-7: Loading available Gradle versions] INFO  o.e.b.c.i.u.g.PublishedGradleVersions - Gradle version information cache is up-to-date. Trying to read.
2023-10-25 09:51:17,867 [Worker-1: Loading available Gradle versions] INFO  o.e.b.c.i.u.g.PublishedGradleVersions - Gradle version information cache is out-of-date. Trying to update.
2023-10-26 09:30:06,398 [Worker-6: Loading available Gradle versions] INFO  o.e.b.c.i.u.g.PublishedGradleVersions - Gradle version information cache is up-to-date. Trying to read.
2023-10-27 10:03:19,102 [Worker-1: Loading available Gradle versions] INFO  o.e.b.c.i.u.g.PublishedGradleVersions - Gradle version information cache is out-of-date. Trying to update.
2023-10-30 09:40:08,578 [Worker-0: Loading available Gradle versions] INFO  o.e.b.c.i.u.g.PublishedGradleVersions - Gradle version information cache is out-of-date. Trying to update.
2023-10-30 13:21:21,080 [Worker-4: Loading available Gradle versions] INFO  o.e.b.c.i.u.g.PublishedGradleVersions - Gradle version information cache is up-to-date. Trying to read.
2023-10-31 10:09:52,433 [Worker-4: Loading available Gradle versions] INFO  o.e.b.c.i.u.g.PublishedGradleVersions - Gradle version information cache is out-of-date. Trying to update.
2023-11-01 11:05:01,772 [Worker-4: Loading available Gradle versions] INFO  o.e.b.c.i.u.g.PublishedGradleVersions - Gradle version information cache is out-of-date. Trying to update.
2023-11-02 09:35:50,797 [Worker-0: Loading available Gradle versions] INFO  o.e.b.c.i.u.g.PublishedGradleVersions - Gradle version information cache is up-to-date. Trying to read.
2023-11-03 10:23:05,483 [Worker-1: Loading available Gradle versions] INFO  o.e.b.c.i.u.g.PublishedGradleVersions - Gradle version information cache is out-of-date. Trying to update.
2023-11-04 09:38:04,097 [Worker-4: Loading available Gradle versions] INFO  o.e.b.c.i.u.g.PublishedGradleVersions - Gradle version information cache is up-to-date. Trying to read.
2023-11-04 10:43:34,779 [Worker-26: Creating project "MavenExample"] INFO  o.e.m.c.i.l.LifecycleMappingFactory - Using org.eclipse.m2e.jdt.JarLifecycleMapping lifecycle mapping for MavenProject: com.mavendemo:MavenExample:0.0.1-SNAPSHOT @ E:\javaProgram_edubridge\MavenExample\pom.xml.
2023-11-04 10:43:37,451 [Worker-26: Creating project "MavenExample"] INFO  o.e.m.j.i.AbstractJavaProjectConfigurator - Adding source folder /MavenExample/src/main/java
2023-11-04 10:43:37,455 [Worker-26: Creating project "MavenExample"] INFO  o.e.m.j.i.AbstractJavaProjectConfigurator - Adding resource folder /MavenExample/src/main/resources
2023-11-04 10:43:37,456 [Worker-26: Creating project "MavenExample"] INFO  o.e.m.j.i.AbstractJavaProjectConfigurator - Adding source folder /MavenExample/src/test/java
2023-11-04 10:43:37,456 [Worker-26: Creating project "MavenExample"] INFO  o.e.m.j.i.AbstractJavaProjectConfigurator - Adding resource folder /MavenExample/src/test/resources
2023-11-04 10:43:38,481 [Worker-26: Building] WARN  o.e.m.c.i.embedder.EclipseLogger - Using platform encoding (Cp1252 actually) to copy filtered resources, i.e. build is platform dependent!
2023-11-04 10:43:38,505 [Worker-26: Building] INFO  o.e.m.c.i.embedder.EclipseLogger - Copying 0 resource
2023-11-04 10:43:38,520 [Worker-26: Building] WARN  o.e.m.c.i.embedder.EclipseLogger - Using platform encoding (Cp1252 actually) to copy filtered resources, i.e. build is platform dependent!
2023-11-04 10:43:38,522 [Worker-26: Building] INFO  o.e.m.c.i.embedder.EclipseLogger - Copying 0 resource
2023-11-04 12:07:22,327 [Worker-40: Building] WARN  o.e.m.c.i.embedder.EclipseLogger - Using platform encoding (Cp1252 actually) to copy filtered resources, i.e. build is platform dependent!
2023-11-04 12:07:22,424 [Worker-40: Building] INFO  o.e.m.c.i.embedder.EclipseLogger - Copying 0 resource
2023-11-04 12:07:22,433 [Worker-40: Building] WARN  o.e.m.c.i.embedder.EclipseLogger - Using platform encoding (Cp1252 actually) to copy filtered resources, i.e. build is platform dependent!
2023-11-04 12:07:22,437 [Worker-40: Building] INFO  o.e.m.c.i.embedder.EclipseLogger - Copying 0 resource
2023-11-04 12:08:43,546 [Worker-45: Building] WARN  o.e.m.c.i.embedder.EclipseLogger - Using platform encoding (Cp1252 actually) to copy filtered resources, i.e. build is platform dependent!
2023-11-04 12:08:43,547 [Worker-45: Building] INFO  o.e.m.c.i.embedder.EclipseLogger - Copying 0 resource
2023-11-04 12:08:43,553 [Worker-45: Building] WARN  o.e.m.c.i.embedder.EclipseLogger - Using platform encoding (Cp1252 actually) to copy filtered resources, i.e. build is platform dependent!
2023-11-04 12:08:43,554 [Worker-45: Building] INFO  o.e.m.c.i.embedder.EclipseLogger - Copying 0 resource
2023-11-04 12:10:19,751 [Worker-47: Building] WARN  o.e.m.c.i.embedder.EclipseLogger - Using platform encoding (Cp1252 actually) to copy filtered resources, i.e. build is platform dependent!
2023-11-04 12:10:19,753 [Worker-47: Building] INFO  o.e.m.c.i.embedder.EclipseLogger - Copying 0 resource
2023-11-04 12:10:19,758 [Worker-47: Building] WARN  o.e.m.c.i.embedder.EclipseLogger - Using platform encoding (Cp1252 actually) to copy filtered resources, i.e. build is platform dependent!
2023-11-04 12:10:19,762 [Worker-47: Building] INFO  o.e.m.c.i.embedder.EclipseLogger - Copying 0 resource
2023-11-04 12:11:23,219 [Worker-45: Launching AdditionTest] WARN  o.e.m.c.i.embedder.EclipseLogger - Using platform encoding (Cp1252 actually) to copy filtered resources, i.e. build is platform dependent!
2023-11-04 12:11:23,223 [Worker-45: Launching AdditionTest] INFO  o.e.m.c.i.embedder.EclipseLogger - Copying 0 resource
2023-11-04 12:11:23,228 [Worker-45: Launching AdditionTest] WARN  o.e.m.c.i.embedder.EclipseLogger - Using platform encoding (Cp1252 actually) to copy filtered resources, i.e. build is platform dependent!
2023-11-04 12:11:23,232 [Worker-45: Launching AdditionTest] INFO  o.e.m.c.i.embedder.EclipseLogger - Copying 0 resource
2023-11-04 12:12:25,950 [Worker-45: Launching AdditionTest] WARN  o.e.m.c.i.embedder.EclipseLogger - Using platform encoding (Cp1252 actually) to copy filtered resources, i.e. build is platform dependent!
2023-11-04 12:12:25,952 [Worker-45: Launching AdditionTest] INFO  o.e.m.c.i.embedder.EclipseLogger - Copying 0 resource
2023-11-04 12:12:25,957 [Worker-45: Launching AdditionTest] WARN  o.e.m.c.i.embedder.EclipseLogger - Using platform encoding (Cp1252 actually) to copy filtered resources, i.e. build is platform dependent!
2023-11-04 12:12:25,959 [Worker-45: Launching AdditionTest] INFO  o.e.m.c.i.embedder.EclipseLogger - Copying 0 resource
2023-11-04 12:12:35,260 [Worker-48: Launching AdditionTest] WARN  o.e.m.c.i.embedder.EclipseLogger - Using platform encoding (Cp1252 actually) to copy filtered resources, i.e. build is platform dependent!
2023-11-04 12:12:35,262 [Worker-48: Launching AdditionTest] INFO  o.e.m.c.i.embedder.EclipseLogger - Copying 0 resource
2023-11-04 12:12:35,267 [Worker-48: Launching AdditionTest] WARN  o.e.m.c.i.embedder.EclipseLogger - Using platform encoding (Cp1252 actually) to copy filtered resources, i.e. build is platform dependent!
2023-11-04 12:12:35,269 [Worker-48: Launching AdditionTest] INFO  o.e.m.c.i.embedder.EclipseLogger - Copying 0 resource
2023-11-04 12:18:47,003 [Worker-52: Building] WARN  o.e.m.c.i.embedder.EclipseLogger - Using platform encoding (Cp1252 actually) to copy filtered resources, i.e. build is platform dependent!
2023-11-04 12:18:47,005 [Worker-52: Building] INFO  o.e.m.c.i.embedder.EclipseLogger - Copying 0 resource
2023-11-04 12:18:47,013 [Worker-52: Building] WARN  o.e.m.c.i.embedder.EclipseLogger - Using platform encoding (Cp1252 actually) to copy filtered resources, i.e. build is platform dependent!
2023-11-04 12:18:47,019 [Worker-52: Building] INFO  o.e.m.c.i.embedder.EclipseLogger - Copying 0 resource
2023-11-04 12:19:00,675 [Worker-34: Building] WARN  o.e.m.c.i.embedder.EclipseLogger - Using platform encoding (Cp1252 actually) to copy filtered resources, i.e. build is platform dependent!
2023-11-04 12:19:00,677 [Worker-34: Building] INFO  o.e.m.c.i.embedder.EclipseLogger - Copying 0 resource
2023-11-04 12:19:00,681 [Worker-34: Building] WARN  o.e.m.c.i.embedder.EclipseLogger - Using platform encoding (Cp1252 actually) to copy filtered resources, i.e. build is platform dependent!
2023-11-04 12:19:00,684 [Worker-34: Building] INFO  o.e.m.c.i.embedder.EclipseLogger - Copying 0 resource
2023-11-04 12:20:03,909 [Worker-52: Building] WARN  o.e.m.c.i.embedder.EclipseLogger - Using platform encoding (Cp1252 actually) to copy filtered resources, i.e. build is platform dependent!
2023-11-04 12:20:03,911 [Worker-52: Building] INFO  o.e.m.c.i.embedder.EclipseLogger - Copying 0 resource
2023-11-04 12:20:03,915 [Worker-52: Building] WARN  o.e.m.c.i.embedder.EclipseLogger - Using platform encoding (Cp1252 actually) to copy filtered resources, i.e. build is platform dependent!
2023-11-04 12:20:03,917 [Worker-52: Building] INFO  o.e.m.c.i.embedder.EclipseLogger - Copying 0 resource
2023-11-04 12:20:17,778 [Worker-53: Building] WARN  o.e.m.c.i.embedder.EclipseLogger - Using platform encoding (Cp1252 actually) to copy filtered resources, i.e. build is platform dependent!
2023-11-04 12:20:17,779 [Worker-53: Building] INFO  o.e.m.c.i.embedder.EclipseLogger - Copying 0 resource
2023-11-04 12:20:17,785 [Worker-53: Building] WARN  o.e.m.c.i.embedder.EclipseLogger - Using platform encoding (Cp1252 actually) to copy filtered resources, i.e. build is platform dependent!
2023-11-04 12:20:17,787 [Worker-53: Building] INFO  o.e.m.c.i.embedder.EclipseLogger - Copying 0 resource
2023-11-04 12:22:16,210 [Worker-45: Launching CubeTest] WARN  o.e.m.c.i.embedder.EclipseLogger - Using platform encoding (Cp1252 actually) to copy filtered resources, i.e. build is platform dependent!
2023-11-04 12:22:16,213 [Worker-45: Launching CubeTest] INFO  o.e.m.c.i.embedder.EclipseLogger - Copying 0 resource
2023-11-04 12:22:16,218 [Worker-45: Launching CubeTest] WARN  o.e.m.c.i.embedder.EclipseLogger - Using platform encoding (Cp1252 actually) to copy filtered resources, i.e. build is platform dependent!
2023-11-04 12:22:16,220 [Worker-45: Launching CubeTest] INFO  o.e.m.c.i.embedder.EclipseLogger - Copying 0 resource
2023-11-04 12:26:40,092 [Worker-55: Launching CubeTest] WARN  o.e.m.c.i.embedder.EclipseLogger - Using platform encoding (Cp1252 actually) to copy filtered resources, i.e. build is platform dependent!
2023-11-04 12:26:40,096 [Worker-55: Launching CubeTest] INFO  o.e.m.c.i.embedder.EclipseLogger - Copying 0 resource
2023-11-04 12:26:40,100 [Worker-55: Launching CubeTest] WARN  o.e.m.c.i.embedder.EclipseLogger - Using platform encoding (Cp1252 actually) to copy filtered resources, i.e. build is platform dependent!
2023-11-04 12:26:40,103 [Worker-55: Launching CubeTest] INFO  o.e.m.c.i.embedder.EclipseLogger - Copying 0 resource
2023-11-04 12:27:08,890 [Worker-57: Launching CubeTest] WARN  o.e.m.c.i.embedder.EclipseLogger - Using platform encoding (Cp1252 actually) to copy filtered resources, i.e. build is platform dependent!
2023-11-04 12:27:08,894 [Worker-57: Launching CubeTest] INFO  o.e.m.c.i.embedder.EclipseLogger - Copying 0 resource
2023-11-04 12:27:08,898 [Worker-57: Launching CubeTest] WARN  o.e.m.c.i.embedder.EclipseLogger - Using platform encoding (Cp1252 actually) to copy filtered resources, i.e. build is platform dependent!
2023-11-04 12:27:08,901 [Worker-57: Launching CubeTest] INFO  o.e.m.c.i.embedder.EclipseLogger - Copying 0 resource
2023-11-04 12:28:24,505 [Worker-34: Building] WARN  o.e.m.c.i.embedder.EclipseLogger - Using platform encoding (Cp1252 actually) to copy filtered resources, i.e. build is platform dependent!
2023-11-04 12:28:24,507 [Worker-34: Building] INFO  o.e.m.c.i.embedder.EclipseLogger - Copying 0 resource
2023-11-04 12:28:24,511 [Worker-34: Building] WARN  o.e.m.c.i.embedder.EclipseLogger - Using platform encoding (Cp1252 actually) to copy filtered resources, i.e. build is platform dependent!
2023-11-04 12:28:24,512 [Worker-34: Building] INFO  o.e.m.c.i.embedder.EclipseLogger - Copying 0 resource
2023-11-04 23:22:21,240 [Worker-61: Building] WARN  o.e.m.c.i.embedder.EclipseLogger - Using platform encoding (Cp1252 actually) to copy filtered resources, i.e. build is platform dependent!
2023-11-04 23:22:21,265 [Worker-61: Building] INFO  o.e.m.c.i.embedder.EclipseLogger - Copying 0 resource
2023-11-04 23:22:21,279 [Worker-61: Building] WARN  o.e.m.c.i.embedder.EclipseLogger - Using platform encoding (Cp1252 actually) to copy filtered resources, i.e. build is platform dependent!
2023-11-04 23:22:21,280 [Worker-61: Building] INFO  o.e.m.c.i.embedder.EclipseLogger - Copying 0 resource
2023-11-06 09:36:32,298 [Worker-4: Loading available Gradle versions] INFO  o.e.b.c.i.u.g.PublishedGradleVersions - Gradle version information cache is out-of-date. Trying to update.
2023-11-06 09:45:27,812 [Worker-4: Launching Max] WARN  o.e.m.c.i.embedder.EclipseLogger - Using platform encoding (Cp1252 actually) to copy filtered resources, i.e. build is platform dependent!
2023-11-06 09:45:27,833 [Worker-4: Launching Max] INFO  o.e.m.c.i.embedder.EclipseLogger - Copying 0 resource
2023-11-06 09:45:27,840 [Worker-4: Launching Max] WARN  o.e.m.c.i.embedder.EclipseLogger - Using platform encoding (Cp1252 actually) to copy filtered resources, i.e. build is platform dependent!
2023-11-06 09:45:27,843 [Worker-4: Launching Max] INFO  o.e.m.c.i.embedder.EclipseLogger - Copying 0 resource
2023-11-06 09:45:46,420 [Worker-4: Launching Max] WARN  o.e.m.c.i.embedder.EclipseLogger - Using platform encoding (Cp1252 actually) to copy filtered resources, i.e. build is platform dependent!
2023-11-06 09:45:46,431 [Worker-4: Launching Max] INFO  o.e.m.c.i.embedder.EclipseLogger - Copying 0 resource
2023-11-06 09:45:46,443 [Worker-4: Launching Max] WARN  o.e.m.c.i.embedder.EclipseLogger - Using platform encoding (Cp1252 actually) to copy filtered resources, i.e. build is platform dependent!
2023-11-06 09:45:46,446 [Worker-4: Launching Max] INFO  o.e.m.c.i.embedder.EclipseLogger - Copying 0 resource
2023-11-06 09:46:13,089 [Worker-27: Launching Max] WARN  o.e.m.c.i.embedder.EclipseLogger - Using platform encoding (Cp1252 actually) to copy filtered resources, i.e. build is platform dependent!
2023-11-06 09:46:13,093 [Worker-27: Launching Max] INFO  o.e.m.c.i.embedder.EclipseLogger - Copying 0 resource
2023-11-06 09:46:13,101 [Worker-27: Launching Max] WARN  o.e.m.c.i.embedder.EclipseLogger - Using platform encoding (Cp1252 actually) to copy filtered resources, i.e. build is platform dependent!
2023-11-06 09:46:13,105 [Worker-27: Launching Max] INFO  o.e.m.c.i.embedder.EclipseLogger - Copying 0 resource
2023-11-06 09:47:26,571 [Worker-24: Launching Max] WARN  o.e.m.c.i.embedder.EclipseLogger - Using platform encoding (Cp1252 actually) to copy filtered resources, i.e. build is platform dependent!
2023-11-06 09:47:26,574 [Worker-24: Launching Max] INFO  o.e.m.c.i.embedder.EclipseLogger - Copying 0 resource
2023-11-06 09:47:26,585 [Worker-24: Launching Max] WARN  o.e.m.c.i.embedder.EclipseLogger - Using platform encoding (Cp1252 actually) to copy filtered resources, i.e. build is platform dependent!
2023-11-06 09:47:26,588 [Worker-24: Launching Max] INFO  o.e.m.c.i.embedder.EclipseLogger - Copying 0 resource
2023-11-06 09:50:19,163 [Worker-27: Building] WARN  o.e.m.c.i.embedder.EclipseLogger - Using platform encoding (Cp1252 actually) to copy filtered resources, i.e. build is platform dependent!
2023-11-06 09:50:19,165 [Worker-27: Building] INFO  o.e.m.c.i.embedder.EclipseLogger - Copying 0 resource
2023-11-06 09:50:19,170 [Worker-27: Building] WARN  o.e.m.c.i.embedder.EclipseLogger - Using platform encoding (Cp1252 actually) to copy filtered resources, i.e. build is platform dependent!
2023-11-06 09:50:19,172 [Worker-27: Building] INFO  o.e.m.c.i.embedder.EclipseLogger - Copying 0 resource
2023-11-06 09:50:46,570 [Worker-25: Building] WARN  o.e.m.c.i.embedder.EclipseLogger - Using platform encoding (Cp1252 actually) to copy filtered resources, i.e. build is platform dependent!
2023-11-06 09:50:46,573 [Worker-25: Building] INFO  o.e.m.c.i.embedder.EclipseLogger - Copying 0 resource
2023-11-06 09:50:46,579 [Worker-25: Building] WARN  o.e.m.c.i.embedder.EclipseLogger - Using platform encoding (Cp1252 actually) to copy filtered resources, i.e. build is platform dependent!
2023-11-06 09:50:46,582 [Worker-25: Building] INFO  o.e.m.c.i.embedder.EclipseLogger - Copying 0 resource
2023-11-06 10:02:00,826 [Worker-28: Launching MaxTest] WARN  o.e.m.c.i.embedder.EclipseLogger - Using platform encoding (Cp1252 actually) to copy filtered resources, i.e. build is platform dependent!
2023-11-06 10:02:00,838 [Worker-28: Launching MaxTest] INFO  o.e.m.c.i.embedder.EclipseLogger - Copying 0 resource
2023-11-06 10:02:00,845 [Worker-28: Launching MaxTest] WARN  o.e.m.c.i.embedder.EclipseLogger - Using platform encoding (Cp1252 actually) to copy filtered resources, i.e. build is platform dependent!
2023-11-06 10:02:00,851 [Worker-28: Launching MaxTest] INFO  o.e.m.c.i.embedder.EclipseLogger - Copying 0 resource
2023-11-06 10:02:35,673 [Worker-32: Building] WARN  o.e.m.c.i.embedder.EclipseLogger - Using platform encoding (Cp1252 actually) to copy filtered resources, i.e. build is platform dependent!
2023-11-06 10:02:35,677 [Worker-32: Building] INFO  o.e.m.c.i.embedder.EclipseLogger - Copying 0 resource
2023-11-06 10:02:35,691 [Worker-32: Building] WARN  o.e.m.c.i.embedder.EclipseLogger - Using platform encoding (Cp1252 actually) to copy filtered resources, i.e. build is platform dependent!
2023-11-06 10:02:35,694 [Worker-32: Building] INFO  o.e.m.c.i.embedder.EclipseLogger - Copying 0 resource
2023-11-06 10:03:26,691 [Worker-31: Launching MaxTest] WARN  o.e.m.c.i.embedder.EclipseLogger - Using platform encoding (Cp1252 actually) to copy filtered resources, i.e. build is platform dependent!
2023-11-06 10:03:26,697 [Worker-31: Launching MaxTest] INFO  o.e.m.c.i.embedder.EclipseLogger - Copying 0 resource
2023-11-06 10:03:26,705 [Worker-31: Launching MaxTest] WARN  o.e.m.c.i.embedder.EclipseLogger - Using platform encoding (Cp1252 actually) to copy filtered resources, i.e. build is platform dependent!
2023-11-06 10:03:26,709 [Worker-31: Launching MaxTest] INFO  o.e.m.c.i.embedder.EclipseLogger - Copying 0 resource
2023-11-06 10:03:54,935 [Worker-26: Launching MaxTest] WARN  o.e.m.c.i.embedder.EclipseLogger - Using platform encoding (Cp1252 actually) to copy filtered resources, i.e. build is platform dependent!
2023-11-06 10:03:54,938 [Worker-26: Launching MaxTest] INFO  o.e.m.c.i.embedder.EclipseLogger - Copying 0 resource
2023-11-06 10:03:54,945 [Worker-26: Launching MaxTest] WARN  o.e.m.c.i.embedder.EclipseLogger - Using platform encoding (Cp1252 actually) to copy filtered resources, i.e. build is platform dependent!
2023-11-06 10:03:54,948 [Worker-26: Launching MaxTest] INFO  o.e.m.c.i.embedder.EclipseLogger - Copying 0 resource
2023-11-06 10:04:08,962 [Worker-31: Launching MaxTest] WARN  o.e.m.c.i.embedder.EclipseLogger - Using platform encoding (Cp1252 actually) to copy filtered resources, i.e. build is platform dependent!
2023-11-06 10:04:08,965 [Worker-31: Launching MaxTest] INFO  o.e.m.c.i.embedder.EclipseLogger - Copying 0 resource
2023-11-06 10:04:08,975 [Worker-31: Launching MaxTest] WARN  o.e.m.c.i.embedder.EclipseLogger - Using platform encoding (Cp1252 actually) to copy filtered resources, i.e. build is platform dependent!
2023-11-06 10:04:08,981 [Worker-31: Launching MaxTest] INFO  o.e.m.c.i.embedder.EclipseLogger - Copying 0 resource
2023-11-06 10:22:25,475 [Worker-36: Building] WARN  o.e.m.c.i.embedder.EclipseLogger - Using platform encoding (Cp1252 actually) to copy filtered resources, i.e. build is platform dependent!
2023-11-06 10:22:25,476 [Worker-36: Building] INFO  o.e.m.c.i.embedder.EclipseLogger - Copying 0 resource
2023-11-06 10:22:25,478 [Worker-36: Building] WARN  o.e.m.c.i.embedder.EclipseLogger - Using platform encoding (Cp1252 actually) to copy filtered resources, i.e. build is platform dependent!
2023-11-06 10:22:25,479 [Worker-36: Building] INFO  o.e.m.c.i.embedder.EclipseLogger - Copying 0 resource
2023-11-06 10:22:40,593 [Worker-37: Building] WARN  o.e.m.c.i.embedder.EclipseLogger - Using platform encoding (Cp1252 actually) to copy filtered resources, i.e. build is platform dependent!
2023-11-06 10:22:40,595 [Worker-37: Building] INFO  o.e.m.c.i.embedder.EclipseLogger - Copying 0 resource
2023-11-06 10:22:40,601 [Worker-37: Building] WARN  o.e.m.c.i.embedder.EclipseLogger - Using platform encoding (Cp1252 actually) to copy filtered resources, i.e. build is platform dependent!
2023-11-06 10:22:40,604 [Worker-37: Building] INFO  o.e.m.c.i.embedder.EclipseLogger - Copying 0 resource
2023-11-06 10:22:57,868 [Worker-32: Launching AssertExample] WARN  o.e.m.c.i.embedder.EclipseLogger - Using platform encoding (Cp1252 actually) to copy filtered resources, i.e. build is platform dependent!
2023-11-06 10:22:57,869 [Worker-32: Launching AssertExample] INFO  o.e.m.c.i.embedder.EclipseLogger - Copying 0 resource
2023-11-06 10:22:57,876 [Worker-32: Launching AssertExample] WARN  o.e.m.c.i.embedder.EclipseLogger - Using platform encoding (Cp1252 actually) to copy filtered resources, i.e. build is platform dependent!
2023-11-06 10:22:57,879 [Worker-32: Launching AssertExample] INFO  o.e.m.c.i.embedder.EclipseLogger - Copying 0 resource
2023-11-06 11:31:45,933 [Worker-45: Creating project "mockitoExample"] INFO  o.e.m.c.i.l.LifecycleMappingFactory - Using org.eclipse.m2e.jdt.JarLifecycleMapping lifecycle mapping for MavenProject: com.mavenProject:mockitoExample:0.0.1-SNAPSHOT @ E:\javaProgram_edubridge\mockitoExample\pom.xml.
2023-11-06 11:31:46,257 [Worker-45: Creating project "mockitoExample"] INFO  o.e.m.j.i.AbstractJavaProjectConfigurator - Adding source folder /mockitoExample/src/main/java
2023-11-06 11:31:46,260 [Worker-45: Creating project "mockitoExample"] INFO  o.e.m.j.i.AbstractJavaProjectConfigurator - Adding resource folder /mockitoExample/src/main/resources
2023-11-06 11:31:46,260 [Worker-45: Creating project "mockitoExample"] INFO  o.e.m.j.i.AbstractJavaProjectConfigurator - Adding source folder /mockitoExample/src/test/java
2023-11-06 11:31:46,260 [Worker-45: Creating project "mockitoExample"] INFO  o.e.m.j.i.AbstractJavaProjectConfigurator - Adding resource folder /mockitoExample/src/test/resources
2023-11-06 11:31:46,648 [Worker-45: Building] WARN  o.e.m.c.i.embedder.EclipseLogger - Using platform encoding (Cp1252 actually) to copy filtered resources, i.e. build is platform dependent!
2023-11-06 11:31:46,649 [Worker-45: Building] INFO  o.e.m.c.i.embedder.EclipseLogger - Copying 0 resource
2023-11-06 11:31:46,654 [Worker-45: Building] WARN  o.e.m.c.i.embedder.EclipseLogger - Using platform encoding (Cp1252 actually) to copy filtered resources, i.e. build is platform dependent!
2023-11-06 11:31:46,655 [Worker-45: Building] INFO  o.e.m.c.i.embedder.EclipseLogger - Copying 0 resource
2023-11-06 11:35:16,123 [Worker-50: Building] WARN  o.e.m.c.i.embedder.EclipseLogger - Using platform encoding (Cp1252 actually) to copy filtered resources, i.e. build is platform dependent!
2023-11-06 11:35:16,124 [Worker-50: Building] INFO  o.e.m.c.i.embedder.EclipseLogger - Copying 0 resource
2023-11-06 11:35:16,132 [Worker-50: Building] WARN  o.e.m.c.i.embedder.EclipseLogger - Using platform encoding (Cp1252 actually) to copy filtered resources, i.e. build is platform dependent!
2023-11-06 11:35:16,135 [Worker-50: Building] INFO  o.e.m.c.i.embedder.EclipseLogger - Copying 0 resource
2023-11-06 11:35:24,659 [Worker-49: Building] WARN  o.e.m.c.i.embedder.EclipseLogger - Using platform encoding (Cp1252 actually) to copy filtered resources, i.e. build is platform dependent!
2023-11-06 11:35:24,662 [Worker-49: Building] INFO  o.e.m.c.i.embedder.EclipseLogger - Copying 0 resource
2023-11-06 11:35:24,666 [Worker-49: Building] WARN  o.e.m.c.i.embedder.EclipseLogger - Using platform encoding (Cp1252 actually) to copy filtered resources, i.e. build is platform dependent!
2023-11-06 11:35:24,667 [Worker-49: Building] INFO  o.e.m.c.i.embedder.EclipseLogger - Copying 0 resource
2023-11-06 11:36:24,096 [Worker-52: Building] WARN  o.e.m.c.i.embedder.EclipseLogger - Using platform encoding (Cp1252 actually) to copy filtered resources, i.e. build is platform dependent!
2023-11-06 11:36:24,098 [Worker-52: Building] INFO  o.e.m.c.i.embedder.EclipseLogger - Copying 0 resource
2023-11-06 11:36:24,102 [Worker-52: Building] WARN  o.e.m.c.i.embedder.EclipseLogger - Using platform encoding (Cp1252 actually) to copy filtered resources, i.e. build is platform dependent!
2023-11-06 11:36:24,103 [Worker-52: Building] INFO  o.e.m.c.i.embedder.EclipseLogger - Copying 0 resource
2023-11-06 11:57:48,994 [Worker-58: Building] WARN  o.e.m.c.i.embedder.EclipseLogger - Using platform encoding (Cp1252 actually) to copy filtered resources, i.e. build is platform dependent!
2023-11-06 11:57:49,005 [Worker-58: Building] INFO  o.e.m.c.i.embedder.EclipseLogger - Copying 0 resource
2023-11-06 11:57:49,010 [Worker-58: Building] WARN  o.e.m.c.i.embedder.EclipseLogger - Using platform encoding (Cp1252 actually) to copy filtered resources, i.e. build is platform dependent!
2023-11-06 11:57:49,011 [Worker-58: Building] INFO  o.e.m.c.i.embedder.EclipseLogger - Copying 0 resource
2023-11-06 12:03:31,797 [Worker-59: Building] INFO  o.e.m.c.i.l.LifecycleMappingFactory - Using org.eclipse.m2e.jdt.JarLifecycleMapping lifecycle mapping for MavenProject: com.mavenProject:mockitoExample:0.0.1-SNAPSHOT @ E:\javaProgram_edubridge\mockitoExample\pom.xml.
2023-11-06 12:03:32,062 [Worker-59: Building] WARN  o.e.m.c.i.embedder.EclipseLogger - Using platform encoding (Cp1252 actually) to copy filtered resources, i.e. build is platform dependent!
2023-11-06 12:03:32,064 [Worker-59: Building] INFO  o.e.m.c.i.embedder.EclipseLogger - Copying 0 resource
2023-11-06 12:03:32,066 [Worker-59: Building] WARN  o.e.m.c.i.embedder.EclipseLogger - Using platform encoding (Cp1252 actually) to copy filtered resources, i.e. build is platform dependent!
2023-11-06 12:03:32,068 [Worker-59: Building] INFO  o.e.m.c.i.embedder.EclipseLogger - Copying 0 resource
2023-11-06 12:03:33,225 [Worker-59: Building] WARN  o.e.m.c.i.embedder.EclipseLogger - Using platform encoding (Cp1252 actually) to copy filtered resources, i.e. build is platform dependent!
2023-11-06 12:03:33,226 [Worker-59: Building] INFO  o.e.m.c.i.embedder.EclipseLogger - Copying 0 resource
2023-11-06 12:03:33,228 [Worker-59: Building] WARN  o.e.m.c.i.embedder.EclipseLogger - Using platform encoding (Cp1252 actually) to copy filtered resources, i.e. build is platform dependent!
2023-11-06 12:03:33,230 [Worker-59: Building] INFO  o.e.m.c.i.embedder.EclipseLogger - Copying 0 resource
2023-11-06 12:03:34,062 [Worker-60: Download sources and javadoc] INFO  o.e.m.c.i.e.AbstractTransferListenerAdapter - Downloading https://repo.maven.apache.org/maven2/org/mockito/mockito-core/3.3.3/mockito-core-3.3.3-sources.jar
2023-11-06 12:03:34,923 [Worker-60: Download sources and javadoc] INFO  o.e.m.c.i.e.AbstractTransferListenerAdapter - Downloaded https://repo.maven.apache.org/maven2/org/mockito/mockito-core/3.3.3/mockito-core-3.3.3-sources.jar
2023-11-06 12:03:34,927 [Worker-60: Download sources and javadoc] INFO  o.e.m.j.internal.DownloadSourcesJob - Downloaded sources for org.mockito:mockito-core:3.3.3
2023-11-06 12:03:35,331 [Worker-60: Download sources and javadoc] INFO  o.e.m.c.i.e.AbstractTransferListenerAdapter - Downloading https://repo.maven.apache.org/maven2/net/bytebuddy/byte-buddy/1.10.5/byte-buddy-1.10.5-sources.jar
2023-11-06 12:03:36,386 [Worker-60: Download sources and javadoc] INFO  o.e.m.c.i.e.AbstractTransferListenerAdapter - Downloaded https://repo.maven.apache.org/maven2/net/bytebuddy/byte-buddy/1.10.5/byte-buddy-1.10.5-sources.jar
2023-11-06 12:03:36,392 [Worker-60: Download sources and javadoc] INFO  o.e.m.j.internal.DownloadSourcesJob - Downloaded sources for net.bytebuddy:byte-buddy:1.10.5
2023-11-06 12:03:36,655 [Worker-60: Download sources and javadoc] INFO  o.e.m.c.i.e.AbstractTransferListenerAdapter - Downloading https://repo.maven.apache.org/maven2/net/bytebuddy/byte-buddy-agent/1.10.5/byte-buddy-agent-1.10.5-sources.jar
2023-11-06 12:03:36,972 [Worker-60: Download sources and javadoc] INFO  o.e.m.c.i.e.AbstractTransferListenerAdapter - Downloaded https://repo.maven.apache.org/maven2/net/bytebuddy/byte-buddy-agent/1.10.5/byte-buddy-agent-1.10.5-sources.jar
2023-11-06 12:03:36,978 [Worker-60: Download sources and javadoc] INFO  o.e.m.j.internal.DownloadSourcesJob - Downloaded sources for net.bytebuddy:byte-buddy-agent:1.10.5
2023-11-06 12:03:37,246 [Worker-60: Download sources and javadoc] INFO  o.e.m.c.i.e.AbstractTransferListenerAdapter - Downloading https://repo.maven.apache.org/maven2/org/objenesis/objenesis/2.6/objenesis-2.6-sources.jar
2023-11-06 12:03:37,408 [Worker-60: Download sources and javadoc] INFO  o.e.m.c.i.e.AbstractTransferListenerAdapter - Downloaded https://repo.maven.apache.org/maven2/org/objenesis/objenesis/2.6/objenesis-2.6-sources.jar
2023-11-06 12:03:37,412 [Worker-60: Download sources and javadoc] INFO  o.e.m.j.internal.DownloadSourcesJob - Downloaded sources for org.objenesis:objenesis:2.6
2023-11-06 12:03:37,548 [Worker-64: Building] WARN  o.e.m.c.i.embedder.EclipseLogger - Using platform encoding (Cp1252 actually) to copy filtered resources, i.e. build is platform dependent!
2023-11-06 12:03:37,548 [Worker-64: Building] INFO  o.e.m.c.i.embedder.EclipseLogger - Copying 0 resource
2023-11-06 12:03:37,551 [Worker-64: Building] WARN  o.e.m.c.i.embedder.EclipseLogger - Using platform encoding (Cp1252 actually) to copy filtered resources, i.e. build is platform dependent!
2023-11-06 12:03:37,552 [Worker-64: Building] INFO  o.e.m.c.i.embedder.EclipseLogger - Copying 0 resource
2023-11-06 12:06:51,392 [Worker-62: Building] WARN  o.e.m.c.i.embedder.EclipseLogger - Using platform encoding (Cp1252 actually) to copy filtered resources, i.e. build is platform dependent!
2023-11-06 12:06:51,394 [Worker-62: Building] INFO  o.e.m.c.i.embedder.EclipseLogger - Copying 0 resource
2023-11-06 12:06:51,398 [Worker-62: Building] WARN  o.e.m.c.i.embedder.EclipseLogger - Using platform encoding (Cp1252 actually) to copy filtered resources, i.e. build is platform dependent!
2023-11-06 12:06:51,399 [Worker-62: Building] INFO  o.e.m.c.i.embedder.EclipseLogger - Copying 0 resource
2023-11-06 12:07:15,599 [Worker-63: Building] WARN  o.e.m.c.i.embedder.EclipseLogger - Using platform encoding (Cp1252 actually) to copy filtered resources, i.e. build is platform dependent!
2023-11-06 12:07:15,599 [Worker-63: Building] INFO  o.e.m.c.i.embedder.EclipseLogger - Copying 0 resource
2023-11-06 12:07:15,601 [Worker-63: Building] WARN  o.e.m.c.i.embedder.EclipseLogger - Using platform encoding (Cp1252 actually) to copy filtered resources, i.e. build is platform dependent!
2023-11-06 12:07:15,602 [Worker-63: Building] INFO  o.e.m.c.i.embedder.EclipseLogger - Copying 0 resource
2023-11-06 12:07:24,890 [Worker-62: Building] WARN  o.e.m.c.i.embedder.EclipseLogger - Using platform encoding (Cp1252 actually) to copy filtered resources, i.e. build is platform dependent!
2023-11-06 12:07:24,893 [Worker-62: Building] INFO  o.e.m.c.i.embedder.EclipseLogger - Copying 0 resource
2023-11-06 12:07:24,895 [Worker-62: Building] WARN  o.e.m.c.i.embedder.EclipseLogger - Using platform encoding (Cp1252 actually) to copy filtered resources, i.e. build is platform dependent!
2023-11-06 12:07:24,897 [Worker-62: Building] INFO  o.e.m.c.i.embedder.EclipseLogger - Copying 0 resource
2023-11-06 12:07:39,934 [Worker-62: Building] WARN  o.e.m.c.i.embedder.EclipseLogger - Using platform encoding (Cp1252 actually) to copy filtered resources, i.e. build is platform dependent!
2023-11-06 12:07:39,936 [Worker-62: Building] INFO  o.e.m.c.i.embedder.EclipseLogger - Copying 0 resource
2023-11-06 12:07:39,940 [Worker-62: Building] WARN  o.e.m.c.i.embedder.EclipseLogger - Using platform encoding (Cp1252 actually) to copy filtered resources, i.e. build is platform dependent!
2023-11-06 12:07:39,941 [Worker-62: Building] INFO  o.e.m.c.i.embedder.EclipseLogger - Copying 0 resource
2023-11-06 12:22:22,885 [Worker-68: Launching MainApplicationTest] WARN  o.e.m.c.i.embedder.EclipseLogger - Using platform encoding (Cp1252 actually) to copy filtered resources, i.e. build is platform dependent!
2023-11-06 12:22:22,889 [Worker-68: Launching MainApplicationTest] INFO  o.e.m.c.i.embedder.EclipseLogger - Copying 0 resource
2023-11-06 12:22:22,893 [Worker-68: Launching MainApplicationTest] WARN  o.e.m.c.i.embedder.EclipseLogger - Using platform encoding (Cp1252 actually) to copy filtered resources, i.e. build is platform dependent!
2023-11-06 12:22:22,896 [Worker-68: Launching MainApplicationTest] INFO  o.e.m.c.i.embedder.EclipseLogger - Copying 0 resource
2023-11-06 12:22:37,428 [Worker-72: Launching MainApplicationTest] WARN  o.e.m.c.i.embedder.EclipseLogger - Using platform encoding (Cp1252 actually) to copy filtered resources, i.e. build is platform dependent!
2023-11-06 12:22:37,429 [Worker-72: Launching MainApplicationTest] INFO  o.e.m.c.i.embedder.EclipseLogger - Copying 0 resource
2023-11-06 12:22:37,434 [Worker-72: Launching MainApplicationTest] WARN  o.e.m.c.i.embedder.EclipseLogger - Using platform encoding (Cp1252 actually) to copy filtered resources, i.e. build is platform dependent!
2023-11-06 12:22:37,435 [Worker-72: Launching MainApplicationTest] INFO  o.e.m.c.i.embedder.EclipseLogger - Copying 0 resource
2023-11-06 12:22:51,140 [Worker-73: Launching MainApplicationTest] WARN  o.e.m.c.i.embedder.EclipseLogger - Using platform encoding (Cp1252 actually) to copy filtered resources, i.e. build is platform dependent!
2023-11-06 12:22:51,142 [Worker-73: Launching MainApplicationTest] INFO  o.e.m.c.i.embedder.EclipseLogger - Copying 0 resource
2023-11-06 12:22:51,146 [Worker-73: Launching MainApplicationTest] WARN  o.e.m.c.i.embedder.EclipseLogger - Using platform encoding (Cp1252 actually) to copy filtered resources, i.e. build is platform dependent!
2023-11-06 12:22:51,147 [Worker-73: Launching MainApplicationTest] INFO  o.e.m.c.i.embedder.EclipseLogger - Copying 0 resource
2023-11-07 09:52:38,888 [Worker-4: Loading available Gradle versions] INFO  o.e.b.c.i.u.g.PublishedGradleVersions - Gradle version information cache is out-of-date. Trying to update.
2023-11-08 09:44:06,237 [Worker-4: Loading available Gradle versions] INFO  o.e.b.c.i.u.g.PublishedGradleVersions - Gradle version information cache is up-to-date. Trying to read.
2023-11-08 10:24:42,023 [Worker-4: Loading available Gradle versions] INFO  o.e.b.c.i.u.g.PublishedGradleVersions - Gradle version information cache is out-of-date. Trying to update.
2023-11-09 09:32:54,359 [Worker-5: Loading available Gradle versions] INFO  o.e.b.c.i.u.g.PublishedGradleVersions - Gradle version information cache is up-to-date. Trying to read.
2023-11-09 22:46:11,961 [Worker-5: Loading available Gradle versions] INFO  o.e.b.c.i.u.g.PublishedGradleVersions - Gradle version information cache is out-of-date. Trying to update.
2023-11-10 09:39:59,312 [Worker-7: Loading available Gradle versions] INFO  o.e.b.c.i.u.g.PublishedGradleVersions - Gradle version information cache is up-to-date. Trying to read.
2023-11-15 20:55:07,016 [Worker-7: Loading available Gradle versions] INFO  o.e.b.c.i.u.g.PublishedGradleVersions - Gradle version information cache is out-of-date. Trying to update.
2023-11-18 09:36:54,465 [Worker-0: Loading available Gradle versions] INFO  o.e.b.c.i.u.g.PublishedGradleVersions - Gradle version information cache is out-of-date. Trying to update.
2023-11-26 01:33:56,742 [Worker-1: Loading available Gradle versions] INFO  o.e.b.c.i.u.g.PublishedGradleVersions - Gradle version information cache is out-of-date. Trying to update.
2023-11-26 01:35:57,629 [Worker-7: Building] WARN  o.e.m.c.i.embedder.EclipseLogger - Using platform encoding (Cp1252 actually) to copy filtered resources, i.e. build is platform dependent!
2023-11-26 01:35:57,639 [Worker-7: Building] INFO  o.e.m.c.i.embedder.EclipseLogger - Copying 0 resource
2023-11-26 01:35:57,642 [Worker-7: Building] WARN  o.e.m.c.i.embedder.EclipseLogger - Using platform encoding (Cp1252 actually) to copy filtered resources, i.e. build is platform dependent!
2023-11-26 01:35:57,643 [Worker-7: Building] INFO  o.e.m.c.i.embedder.EclipseLogger - Copying 0 resource
2023-11-26 01:35:59,671 [Worker-7: Building] WARN  o.e.m.c.i.embedder.EclipseLogger - Using platform encoding (Cp1252 actually) to copy filtered resources, i.e. build is platform dependent!
2023-11-26 01:35:59,672 [Worker-7: Building] INFO  o.e.m.c.i.embedder.EclipseLogger - Copying 0 resource
2023-11-26 01:35:59,675 [Worker-7: Building] WARN  o.e.m.c.i.embedder.EclipseLogger - Using platform encoding (Cp1252 actually) to copy filtered resources, i.e. build is platform dependent!
2023-11-26 01:35:59,676 [Worker-7: Building] INFO  o.e.m.c.i.embedder.EclipseLogger - Copying 0 resource
2023-11-26 22:08:34,631 [Worker-4: Loading available Gradle versions] INFO  o.e.b.c.i.u.g.PublishedGradleVersions - Gradle version information cache is up-to-date. Trying to read.
2023-11-27 09:54:59,890 [Worker-3: Loading available Gradle versions] INFO  o.e.b.c.i.u.g.PublishedGradleVersions - Gradle version information cache is out-of-date. Trying to update.
2023-11-28 10:17:43,790 [Worker-4: Loading available Gradle versions] INFO  o.e.b.c.i.u.g.PublishedGradleVersions - Gradle version information cache is out-of-date. Trying to update.
2023-11-29 10:16:59,005 [Worker-5: Loading available Gradle versions] INFO  o.e.b.c.i.u.g.PublishedGradleVersions - Gradle version information cache is up-to-date. Trying to read.
